2017-09-01 09:43:07,010 INFO o.a.j.u.JMeterUtils: Setting Locale to es_XL
2017-09-01 09:43:07,024 INFO o.a.j.u.JMeterUtils: Could not find resources for 'es_XL', using 'es'
2017-09-01 09:43:07,026 INFO o.a.j.JMeter: Loading user properties from: user.properties
2017-09-01 09:43:07,027 INFO o.a.j.JMeter: Loading system properties from: system.properties
2017-09-01 09:43:07,033 INFO o.a.j.JMeter: Copyright (c) 1998-2017 The Apache Software Foundation
2017-09-01 09:43:07,033 INFO o.a.j.JMeter: Version 3.2 r1790748
2017-09-01 09:43:07,033 INFO o.a.j.JMeter: java.version=1.8.0_144
2017-09-01 09:43:07,033 INFO o.a.j.JMeter: java.vm.name=Java HotSpot(TM) 64-Bit Server VM
2017-09-01 09:43:07,033 INFO o.a.j.JMeter: os.name=Mac OS X
2017-09-01 09:43:07,033 INFO o.a.j.JMeter: os.arch=x86_64
2017-09-01 09:43:07,033 INFO o.a.j.JMeter: os.version=10.12.5
2017-09-01 09:43:07,033 INFO o.a.j.JMeter: file.encoding=UTF-8
2017-09-01 09:43:07,033 INFO o.a.j.JMeter: Max memory     =536870912
2017-09-01 09:43:07,033 INFO o.a.j.JMeter: Available Processors =4
2017-09-01 09:43:07,040 INFO o.a.j.JMeter: Default Locale=español (XL)
2017-09-01 09:43:07,040 INFO o.a.j.JMeter: JMeter  Locale=español (XL)
2017-09-01 09:43:07,041 INFO o.a.j.JMeter: JMeterHome=/Users/Henry/Documents/Escuela/5toITC/CalidadYPruebasDeSoftware/CalidadYPruebasDeSoftwareGit/Jmeter
2017-09-01 09:43:07,041 INFO o.a.j.JMeter: user.dir  =/Users/Henry/Documents/Escuela/5toITC/CalidadYPruebasDeSoftware/CalidadYPruebasDeSoftwareGit/Jmeter/bin
2017-09-01 09:43:07,041 INFO o.a.j.JMeter: PWD       =/Users/Henry/Documents/Escuela/5toITC/CalidadYPruebasDeSoftware/CalidadYPruebasDeSoftwareGit/Jmeter/bin
2017-09-01 09:43:12,063 INFO o.a.j.JMeter: IP: 10.49.82.143 Name: MacBook-Pro-de-Enrique.local FullName: 10.49.82.143
2017-09-01 09:43:13,929 INFO o.a.j.g.a.LookAndFeelCommand: Using look and feel: com.apple.laf.AquaLookAndFeel [Mac OS X, System]
2017-09-01 09:43:13,940 INFO o.a.j.JMeter: Loaded icon properties from org/apache/jmeter/images/icon.properties
2017-09-01 09:43:14,658 INFO o.a.j.e.u.CompoundVariable: Note: Function class names must contain the string: '.functions.'
2017-09-01 09:43:14,659 INFO o.a.j.e.u.CompoundVariable: Note: Function class names must not contain the string: '.gui.'
2017-09-01 09:43:15,781 INFO o.a.j.g.u.MenuFactory: Skipping org.apache.jmeter.assertions.BSFAssertion
2017-09-01 09:43:16,591 INFO o.a.j.g.u.MenuFactory: Skipping org.apache.jmeter.extractor.BSFPostProcessor
2017-09-01 09:43:16,640 INFO o.a.j.g.u.MenuFactory: Skipping org.apache.jmeter.modifiers.BSFPreProcessor
2017-09-01 09:43:16,690 INFO o.a.j.p.h.s.HTTPSamplerBase: Parser for text/html is org.apache.jmeter.protocol.http.parser.LagartoBasedHtmlParser
2017-09-01 09:43:16,690 INFO o.a.j.p.h.s.HTTPSamplerBase: Parser for application/xhtml+xml is org.apache.jmeter.protocol.http.parser.LagartoBasedHtmlParser
2017-09-01 09:43:16,690 INFO o.a.j.p.h.s.HTTPSamplerBase: Parser for application/xml is org.apache.jmeter.protocol.http.parser.LagartoBasedHtmlParser
2017-09-01 09:43:16,690 INFO o.a.j.p.h.s.HTTPSamplerBase: Parser for text/xml is org.apache.jmeter.protocol.http.parser.LagartoBasedHtmlParser
2017-09-01 09:43:16,691 INFO o.a.j.p.h.s.HTTPSamplerBase: Parser for text/vnd.wap.wml is org.apache.jmeter.protocol.http.parser.RegexpHTMLParser
2017-09-01 09:43:16,691 INFO o.a.j.p.h.s.HTTPSamplerBase: Parser for text/css is org.apache.jmeter.protocol.http.parser.CssParser
2017-09-01 09:43:17,249 INFO o.a.j.e.KeyToolUtils: keytool found at 'keytool'
2017-09-01 09:43:17,250 INFO o.a.j.p.h.p.ProxyControl: HTTP(S) Test Script Recorder SSL Proxy will use keys that support embedded 3rd party resources in file /Users/Henry/Documents/Escuela/5toITC/CalidadYPruebasDeSoftware/CalidadYPruebasDeSoftwareGit/Jmeter/bin/proxyserver.jks
2017-09-01 09:43:17,433 INFO o.a.j.g.u.MenuFactory: Skipping org.apache.jmeter.protocol.java.sampler.BSFSampler
2017-09-01 09:43:17,490 INFO o.a.j.s.FileServer: Default base='/Users/Henry/Documents/Escuela/5toITC/CalidadYPruebasDeSoftware/CalidadYPruebasDeSoftwareGit/Jmeter/bin'
2017-09-01 09:43:17,605 INFO o.a.j.g.u.MenuFactory: Skipping org.apache.jmeter.protocol.mongodb.config.MongoSourceElement
2017-09-01 09:43:17,605 INFO o.a.j.g.u.MenuFactory: Skipping org.apache.jmeter.protocol.mongodb.sampler.MongoScriptSampler
2017-09-01 09:43:17,763 INFO o.a.j.g.u.MenuFactory: Skipping org.apache.jmeter.timers.BSFTimer
2017-09-01 09:43:17,809 INFO o.a.j.g.u.MenuFactory: Skipping org.apache.jmeter.visualizers.BSFListener
2017-09-01 09:43:17,987 INFO o.a.j.s.SampleResult: Note: Sample TimeStamps are START times
2017-09-01 09:43:17,987 INFO o.a.j.s.SampleResult: sampleresult.default.encoding is set to ISO-8859-1
2017-09-01 09:43:17,987 INFO o.a.j.s.SampleResult: sampleresult.useNanoTime=true
2017-09-01 09:43:17,987 INFO o.a.j.s.SampleResult: sampleresult.nanoThreadSleep=5000
2017-09-01 09:43:32,324 INFO o.a.j.g.a.Load: Loading file: /Users/Henry/Documents/Escuela/5toITC/CalidadYPruebasDeSoftware/CalidadYPruebasDeSoftwareGit/Jmeter/PRUEBAS/MongoDBSourceConfig.jmx
2017-09-01 09:43:32,325 INFO o.a.j.s.FileServer: Set new base='/Users/Henry/Documents/Escuela/5toITC/CalidadYPruebasDeSoftware/CalidadYPruebasDeSoftwareGit/Jmeter/PRUEBAS'
2017-09-01 09:43:32,461 INFO o.a.j.s.SaveService: Testplan (JMX) version: 2.2. Testlog (JTL) version: 2.2
2017-09-01 09:43:32,477 INFO o.a.j.s.SaveService: Using SaveService properties file encoding UTF-8
2017-09-01 09:43:32,479 INFO o.a.j.s.SaveService: Using SaveService properties version 3.2
2017-09-01 09:43:32,484 INFO o.a.j.s.SaveService: Loading file: /Users/Henry/Documents/Escuela/5toITC/CalidadYPruebasDeSoftware/CalidadYPruebasDeSoftwareGit/Jmeter/PRUEBAS/MongoDBSourceConfig.jmx
2017-09-01 09:43:32,754 WARN o.a.j.g.t.JMeterTreeNode: getIcon(): Can't obtain GUI class from class org.apache.jmeter.protocol.mongodb.config.MongoSourceElement
2017-09-01 09:43:32,778 INFO o.a.j.s.FileServer: Set new base='/Users/Henry/Documents/Escuela/5toITC/CalidadYPruebasDeSoftware/CalidadYPruebasDeSoftwareGit/Jmeter/PRUEBAS'
2017-09-01 09:43:32,802 WARN o.a.j.g.t.JMeterTreeNode: getIcon(): Can't obtain GUI class from class org.apache.jmeter.protocol.mongodb.config.MongoSourceElement
2017-09-01 09:43:32,833 WARN o.a.j.g.t.JMeterTreeNode: getIcon(): Can't obtain GUI class from class org.apache.jmeter.protocol.mongodb.config.MongoSourceElement
2017-09-01 09:43:32,845 WARN o.a.j.g.t.JMeterTreeNode: getIcon(): Can't obtain GUI class from class org.apache.jmeter.protocol.mongodb.config.MongoSourceElement
2017-09-01 09:43:32,872 WARN o.a.j.g.t.JMeterTreeNode: getIcon(): Can't obtain GUI class from class org.apache.jmeter.protocol.mongodb.config.MongoSourceElement
2017-09-01 09:43:32,887 WARN o.a.j.g.t.JMeterTreeNode: getIcon(): Can't obtain GUI class from class org.apache.jmeter.protocol.mongodb.config.MongoSourceElement
2017-09-01 09:43:32,902 WARN o.a.j.g.t.JMeterTreeNode: getIcon(): Can't obtain GUI class from class org.apache.jmeter.protocol.mongodb.config.MongoSourceElement
2017-09-01 09:43:32,929 WARN o.a.j.g.t.JMeterTreeNode: getIcon(): Can't obtain GUI class from class org.apache.jmeter.protocol.mongodb.config.MongoSourceElement
2017-09-01 09:43:32,952 WARN o.a.j.g.t.JMeterTreeNode: getIcon(): Can't obtain GUI class from class org.apache.jmeter.protocol.mongodb.config.MongoSourceElement
2017-09-01 09:43:32,970 WARN o.a.j.g.t.JMeterTreeNode: getIcon(): Can't obtain GUI class from class org.apache.jmeter.protocol.mongodb.config.MongoSourceElement
2017-09-01 09:43:32,979 WARN o.a.j.g.t.JMeterTreeNode: getIcon(): Can't obtain GUI class from class org.apache.jmeter.protocol.mongodb.config.MongoSourceElement
2017-09-01 09:43:32,998 WARN o.a.j.g.t.JMeterTreeNode: getIcon(): Can't obtain GUI class from class org.apache.jmeter.protocol.mongodb.config.MongoSourceElement
2017-09-01 09:43:33,013 WARN o.a.j.g.t.JMeterTreeNode: getIcon(): Can't obtain GUI class from class org.apache.jmeter.protocol.mongodb.config.MongoSourceElement
2017-09-01 09:43:33,022 WARN o.a.j.g.t.JMeterTreeNode: getIcon(): Can't obtain GUI class from class org.apache.jmeter.protocol.mongodb.config.MongoSourceElement
2017-09-01 09:43:33,039 WARN o.a.j.g.t.JMeterTreeNode: getIcon(): Can't obtain GUI class from class org.apache.jmeter.protocol.mongodb.config.MongoSourceElement
2017-09-01 09:43:33,051 WARN o.a.j.g.t.JMeterTreeNode: getIcon(): Can't obtain GUI class from class org.apache.jmeter.protocol.mongodb.config.MongoSourceElement
2017-09-01 09:43:33,060 WARN o.a.j.g.t.JMeterTreeNode: getIcon(): Can't obtain GUI class from class org.apache.jmeter.protocol.mongodb.config.MongoSourceElement
2017-09-01 09:43:33,068 WARN o.a.j.g.t.JMeterTreeNode: getIcon(): Can't obtain GUI class from class org.apache.jmeter.protocol.mongodb.config.MongoSourceElement
2017-09-01 09:43:33,085 WARN o.a.j.g.t.JMeterTreeNode: getIcon(): Can't obtain GUI class from class org.apache.jmeter.protocol.mongodb.config.MongoSourceElement
2017-09-01 09:43:33,156 WARN o.a.j.g.t.JMeterTreeNode: getIcon(): Can't obtain GUI class from class org.apache.jmeter.protocol.mongodb.config.MongoSourceElement
2017-09-01 09:43:33,235 WARN o.a.j.g.t.JMeterTreeNode: getIcon(): Can't obtain GUI class from class org.apache.jmeter.protocol.mongodb.config.MongoSourceElement
2017-09-01 09:43:33,750 WARN o.a.j.g.t.JMeterTreeNode: getIcon(): Can't obtain GUI class from class org.apache.jmeter.protocol.mongodb.config.MongoSourceElement
2017-09-01 09:43:33,802 WARN o.a.j.g.t.JMeterTreeNode: getIcon(): Can't obtain GUI class from class org.apache.jmeter.protocol.mongodb.config.MongoSourceElement
2017-09-01 09:43:33,869 WARN o.a.j.g.t.JMeterTreeNode: getIcon(): Can't obtain GUI class from class org.apache.jmeter.protocol.mongodb.config.MongoSourceElement
2017-09-01 09:43:34,573 WARN o.a.j.g.t.JMeterTreeNode: getIcon(): Can't obtain GUI class from class org.apache.jmeter.protocol.mongodb.config.MongoSourceElement
2017-09-01 09:43:35,160 WARN o.a.j.g.t.JMeterTreeNode: getIcon(): Can't obtain GUI class from class org.apache.jmeter.protocol.mongodb.config.MongoSourceElement
2017-09-01 09:43:36,993 WARN o.a.j.g.t.JMeterTreeNode: getIcon(): Can't obtain GUI class from class org.apache.jmeter.protocol.mongodb.config.MongoSourceElement
2017-09-01 09:44:13,651 WARN o.a.j.g.t.JMeterTreeNode: getIcon(): Can't obtain GUI class from class org.apache.jmeter.protocol.mongodb.config.MongoSourceElement
2017-09-01 09:44:28,439 WARN o.a.j.g.t.JMeterTreeNode: getIcon(): Can't obtain GUI class from class org.apache.jmeter.protocol.mongodb.config.MongoSourceElement
2017-09-01 09:44:35,070 WARN o.a.j.g.t.JMeterTreeNode: getIcon(): Can't obtain GUI class from class org.apache.jmeter.protocol.mongodb.config.MongoSourceElement
2017-09-01 09:45:10,716 WARN o.a.j.g.t.JMeterTreeNode: getIcon(): Can't obtain GUI class from class org.apache.jmeter.protocol.mongodb.config.MongoSourceElement
2017-09-01 09:45:18,689 WARN o.a.j.g.t.JMeterTreeNode: getIcon(): Can't obtain GUI class from class org.apache.jmeter.protocol.mongodb.config.MongoSourceElement
2017-09-01 09:45:22,360 INFO o.a.j.g.a.Load: Loading file: /Users/Henry/Documents/Escuela/5toITC/CalidadYPruebasDeSoftware/CalidadYPruebasDeSoftwareGit/Jmeter/PRUEBAS/Petición JDBC.jmx
2017-09-01 09:45:22,361 INFO o.a.j.s.FileServer: Set new base='/Users/Henry/Documents/Escuela/5toITC/CalidadYPruebasDeSoftware/CalidadYPruebasDeSoftwareGit/Jmeter/PRUEBAS'
2017-09-01 09:45:22,361 INFO o.a.j.s.SaveService: Loading file: /Users/Henry/Documents/Escuela/5toITC/CalidadYPruebasDeSoftware/CalidadYPruebasDeSoftwareGit/Jmeter/PRUEBAS/Petición JDBC.jmx
2017-09-01 09:45:22,460 INFO o.a.j.s.FileServer: Set new base='/Users/Henry/Documents/Escuela/5toITC/CalidadYPruebasDeSoftware/CalidadYPruebasDeSoftwareGit/Jmeter/PRUEBAS'
2017-09-01 09:46:35,916 INFO o.a.j.g.a.Load: Loading file: /Users/Henry/Documents/Escuela/5toITC/CalidadYPruebasDeSoftware/CalidadYPruebasDeSoftwareGit/Jmeter/PRUEBAS/JsPetición JDBC.jmx
2017-09-01 09:46:35,917 INFO o.a.j.s.FileServer: Set new base='/Users/Henry/Documents/Escuela/5toITC/CalidadYPruebasDeSoftware/CalidadYPruebasDeSoftwareGit/Jmeter/PRUEBAS'
2017-09-01 09:46:35,917 INFO o.a.j.s.SaveService: Loading file: /Users/Henry/Documents/Escuela/5toITC/CalidadYPruebasDeSoftware/CalidadYPruebasDeSoftwareGit/Jmeter/PRUEBAS/JsPetición JDBC.jmx
2017-09-01 09:46:35,970 INFO o.a.j.s.FileServer: Set new base='/Users/Henry/Documents/Escuela/5toITC/CalidadYPruebasDeSoftware/CalidadYPruebasDeSoftwareGit/Jmeter/PRUEBAS'
2017-09-01 09:55:42,645 INFO o.a.j.e.StandardJMeterEngine: Running the test!
2017-09-01 09:55:42,652 INFO o.a.j.s.SampleEvent: List of sample_variables: []
2017-09-01 09:55:42,652 INFO o.a.j.s.SampleEvent: List of sample_variables: []
2017-09-01 09:55:42,698 INFO o.a.j.g.u.JMeterMenuBar: setRunning(true, *local*)
2017-09-01 09:55:42,911 INFO o.a.j.e.StandardJMeterEngine: Starting ThreadGroup: 1 : Grupo de Hilos
2017-09-01 09:55:42,912 INFO o.a.j.e.StandardJMeterEngine: Starting 1 threads for group Grupo de Hilos.
2017-09-01 09:55:42,912 INFO o.a.j.e.StandardJMeterEngine: Thread will continue on error
2017-09-01 09:55:42,913 INFO o.a.j.t.ThreadGroup: Starting thread group... number=1 threads=1 ramp-up=1 perThread=1000.0 delayedStart=false
2017-09-01 09:55:42,920 INFO o.a.j.t.ThreadGroup: Started thread group number 1
2017-09-01 09:55:42,920 INFO o.a.j.e.StandardJMeterEngine: All thread groups have been started
2017-09-01 09:55:42,925 INFO o.a.j.t.JMeterThread: Thread started: Grupo de Hilos 1-1
2017-09-01 09:55:43,350 INFO o.a.j.t.JMeterThread: Thread is done: Grupo de Hilos 1-1
2017-09-01 09:55:43,350 INFO o.a.j.t.JMeterThread: Thread finished: Grupo de Hilos 1-1
2017-09-01 09:55:43,351 INFO o.a.j.e.StandardJMeterEngine: Notifying test listeners of end of test
2017-09-01 09:55:43,354 INFO o.a.j.g.u.JMeterMenuBar: setRunning(false, *local*)
2017-09-01 09:56:29,389 INFO o.a.j.e.StandardJMeterEngine: Running the test!
2017-09-01 09:56:29,390 INFO o.a.j.s.SampleEvent: List of sample_variables: []
2017-09-01 09:56:29,394 INFO o.a.j.g.u.JMeterMenuBar: setRunning(true, *local*)
2017-09-01 09:56:29,529 INFO o.a.j.e.StandardJMeterEngine: Starting ThreadGroup: 1 : Grupo de Hilos
2017-09-01 09:56:29,529 INFO o.a.j.e.StandardJMeterEngine: Starting 1 threads for group Grupo de Hilos.
2017-09-01 09:56:29,529 INFO o.a.j.e.StandardJMeterEngine: Thread will continue on error
2017-09-01 09:56:29,529 INFO o.a.j.t.ThreadGroup: Starting thread group... number=1 threads=1 ramp-up=1 perThread=1000.0 delayedStart=false
2017-09-01 09:56:29,530 INFO o.a.j.t.ThreadGroup: Started thread group number 1
2017-09-01 09:56:29,530 INFO o.a.j.e.StandardJMeterEngine: All thread groups have been started
2017-09-01 09:56:29,531 INFO o.a.j.t.JMeterThread: Thread started: Grupo de Hilos 1-1
2017-09-01 09:56:29,622 INFO o.a.j.t.JMeterThread: Thread is done: Grupo de Hilos 1-1
2017-09-01 09:56:29,622 INFO o.a.j.t.JMeterThread: Thread finished: Grupo de Hilos 1-1
2017-09-01 09:56:29,622 INFO o.a.j.e.StandardJMeterEngine: Notifying test listeners of end of test
2017-09-01 09:56:29,624 INFO o.a.j.g.u.JMeterMenuBar: setRunning(false, *local*)
2017-09-01 09:56:36,143 INFO o.a.j.e.StandardJMeterEngine: Running the test!
2017-09-01 09:56:36,143 INFO o.a.j.s.SampleEvent: List of sample_variables: []
2017-09-01 09:56:36,149 INFO o.a.j.g.u.JMeterMenuBar: setRunning(true, *local*)
2017-09-01 09:56:36,275 INFO o.a.j.e.StandardJMeterEngine: Starting ThreadGroup: 1 : Grupo de Hilos
2017-09-01 09:56:36,276 INFO o.a.j.e.StandardJMeterEngine: Starting 1 threads for group Grupo de Hilos.
2017-09-01 09:56:36,276 INFO o.a.j.e.StandardJMeterEngine: Thread will continue on error
2017-09-01 09:56:36,276 INFO o.a.j.t.ThreadGroup: Starting thread group... number=1 threads=1 ramp-up=1 perThread=1000.0 delayedStart=false
2017-09-01 09:56:36,278 INFO o.a.j.t.ThreadGroup: Started thread group number 1
2017-09-01 09:56:36,279 INFO o.a.j.e.StandardJMeterEngine: All thread groups have been started
2017-09-01 09:56:36,284 INFO o.a.j.t.JMeterThread: Thread started: Grupo de Hilos 1-1
2017-09-01 09:56:36,359 INFO o.a.j.t.JMeterThread: Thread is done: Grupo de Hilos 1-1
2017-09-01 09:56:36,359 INFO o.a.j.t.JMeterThread: Thread finished: Grupo de Hilos 1-1
2017-09-01 09:56:36,359 INFO o.a.j.e.StandardJMeterEngine: Notifying test listeners of end of test
2017-09-01 09:56:36,361 INFO o.a.j.g.u.JMeterMenuBar: setRunning(false, *local*)
2017-09-01 09:56:49,235 INFO o.a.j.e.StandardJMeterEngine: Running the test!
2017-09-01 09:56:49,236 INFO o.a.j.s.SampleEvent: List of sample_variables: []
2017-09-01 09:56:49,238 INFO o.a.j.g.u.JMeterMenuBar: setRunning(true, *local*)
2017-09-01 09:56:49,367 INFO o.a.j.e.StandardJMeterEngine: Starting ThreadGroup: 1 : Grupo de Hilos
2017-09-01 09:56:49,368 INFO o.a.j.e.StandardJMeterEngine: Starting 1 threads for group Grupo de Hilos.
2017-09-01 09:56:49,368 INFO o.a.j.e.StandardJMeterEngine: Thread will continue on error
2017-09-01 09:56:49,368 INFO o.a.j.t.ThreadGroup: Starting thread group... number=1 threads=1 ramp-up=1 perThread=1000.0 delayedStart=false
2017-09-01 09:56:49,369 INFO o.a.j.t.ThreadGroup: Started thread group number 1
2017-09-01 09:56:49,370 INFO o.a.j.e.StandardJMeterEngine: All thread groups have been started
2017-09-01 09:56:49,370 INFO o.a.j.t.JMeterThread: Thread started: Grupo de Hilos 1-1
2017-09-01 09:56:49,445 INFO o.a.j.t.JMeterThread: Thread is done: Grupo de Hilos 1-1
2017-09-01 09:56:49,445 INFO o.a.j.t.JMeterThread: Thread finished: Grupo de Hilos 1-1
2017-09-01 09:56:49,445 INFO o.a.j.e.StandardJMeterEngine: Notifying test listeners of end of test
2017-09-01 09:56:49,447 INFO o.a.j.g.u.JMeterMenuBar: setRunning(false, *local*)
2017-09-01 09:57:20,485 INFO o.a.j.e.StandardJMeterEngine: Running the test!
2017-09-01 09:57:20,487 INFO o.a.j.s.SampleEvent: List of sample_variables: []
2017-09-01 09:57:20,489 INFO o.a.j.g.u.JMeterMenuBar: setRunning(true, *local*)
2017-09-01 09:57:20,618 INFO o.a.j.e.StandardJMeterEngine: Starting ThreadGroup: 1 : Grupo de Hilos
2017-09-01 09:57:20,619 INFO o.a.j.e.StandardJMeterEngine: Starting 1 threads for group Grupo de Hilos.
2017-09-01 09:57:20,619 INFO o.a.j.e.StandardJMeterEngine: Thread will continue on error
2017-09-01 09:57:20,619 INFO o.a.j.t.ThreadGroup: Starting thread group... number=1 threads=1 ramp-up=1 perThread=1000.0 delayedStart=false
2017-09-01 09:57:20,622 INFO o.a.j.t.ThreadGroup: Started thread group number 1
2017-09-01 09:57:20,622 INFO o.a.j.e.StandardJMeterEngine: All thread groups have been started
2017-09-01 09:57:20,622 INFO o.a.j.t.JMeterThread: Thread started: Grupo de Hilos 1-1
2017-09-01 09:57:20,729 INFO o.a.j.t.JMeterThread: Thread is done: Grupo de Hilos 1-1
2017-09-01 09:57:20,729 INFO o.a.j.t.JMeterThread: Thread finished: Grupo de Hilos 1-1
2017-09-01 09:57:20,730 INFO o.a.j.e.StandardJMeterEngine: Notifying test listeners of end of test
2017-09-01 09:57:20,731 INFO o.a.j.g.u.JMeterMenuBar: setRunning(false, *local*)
